<?xml version="1.0" encoding="UTF-8"?>
<testsuite xmlns:xsi="http://www.w3.org/2001/XMLSchema-instance" xsi:noNamespaceSchemaLocation="https://maven.apache.org/surefire/maven-surefire-plugin/xsd/surefire-test-report-3.0.xsd" version="3.0" name="org.cloudbus.cloudsim.PeTest" time="0" tests="4" errors="0" skipped="0" failures="0">
  <properties>
[...]
</properties>
  <testcase name="testSetId" classname="org.cloudbus.cloudsim.PeTest" time="0"/>
  <testcase name="testGetPeProvisioner" classname="org.cloudbus.cloudsim.PeTest" time="0"/>
  <testcase name="testSetStatus" classname="org.cloudbus.cloudsim.PeTest" time="0"/>
  <testcase name="testSetMips" classname="org.cloudbus.cloudsim.PeTest" time="0"/>
</testsuite>