<?xml version="1.0" encoding="UTF-8"?>
<testsuite xmlns:xsi="http://www.w3.org/2001/XMLSchema-instance" xsi:noNamespaceSchemaLocation="https://maven.apache.org/surefire/maven-surefire-plugin/xsd/surefire-test-report-3.0.xsd" version="3.0" name="org.iquantum.power.models.PowerModelSqrtTest" time="0.004" tests="5" errors="0" skipped="1" failures="0">
  <properties>
[...]
</properties>
  <testcase name="testGetPowerArgumentLessThenZero" classname="org.iquantum.power.models.PowerModelSqrtTest" time="0"/>
  <testcase name="testGetPower" classname="org.iquantum.power.models.PowerModelSqrtTest" time="0"/>
  <testcase name="testPrintPower" classname="org.iquantum.power.models.PowerModelSqrtTest" time="0">
    <skipped/>
  </testcase>
  <testcase name="testGetMaxPower" classname="org.iquantum.power.models.PowerModelSqrtTest" time="0"/>
  <testcase name="testGetPowerArgumentLargerThenOne" classname="org.iquantum.power.models.PowerModelSqrtTest" time="0"/>
</testsuite>