<?xml version="1.0" encoding="UTF-8"?>
<testsuite xmlns:xsi="http://www.w3.org/2001/XMLSchema-instance" xsi:noNamespaceSchemaLocation="https://maven.apache.org/surefire/maven-surefire-plugin/xsd/surefire-test-report-3.0.xsd" version="3.0" name="org.cloudbus.cloudsim.VmTest" time="0.008" tests="20" errors="2" skipped="0" failures="0">
  <properties>
[...]
</properties>
  <testcase name="testGetCurrentAllocatedMips" classname="org.cloudbus.cloudsim.VmTest" time="0"/>
  <testcase name="testGetCurrentAllocatedSize" classname="org.cloudbus.cloudsim.VmTest" time="0"/>
  <testcase name="testGetTotalUtilization" classname="org.cloudbus.cloudsim.VmTest" time="0"/>
  <testcase name="testGetBw" classname="org.cloudbus.cloudsim.VmTest" time="0"/>
  <testcase name="testGetNumberOfPes" classname="org.cloudbus.cloudsim.VmTest" time="0"/>
  <testcase name="testGetCurrentAllocatedRam" classname="org.cloudbus.cloudsim.VmTest" time="0"/>
  <testcase name="testUpdateVmProcessing" classname="org.cloudbus.cloudsim.VmTest" time="0"/>
  <testcase name="testGetHost" classname="org.cloudbus.cloudsim.VmTest" time="0"/>
  <testcase name="testGetMips" classname="org.cloudbus.cloudsim.VmTest" time="0"/>
  <testcase name="testGetSize" classname="org.cloudbus.cloudsim.VmTest" time="0"/>
  <testcase name="testIsBeingInstantiated" classname="org.cloudbus.cloudsim.VmTest" time="0"/>
  <testcase name="testGetTotalUtilizationMips" classname="org.cloudbus.cloudsim.VmTest" time="0"/>
  <testcase name="testGetCurrentAllocatedBw" classname="org.cloudbus.cloudsim.VmTest" time="0"/>
  <testcase name="testGetCurrentRequestedMips" classname="org.cloudbus.cloudsim.VmTest" time="0.007">
    <error type="java.lang.ExceptionInInitializerError"><![CDATA[java.lang.ExceptionInInitializerError
	at net.sf.cglib.core.KeyFactory$Generator.generateClass(KeyFactory.java:166)
	at net.sf.cglib.core.DefaultGeneratorStrategy.generate(DefaultGeneratorStrategy.java:25)
	at net.sf.cglib.core.AbstractClassGenerator.create(AbstractClassGenerator.java:216)
	at net.sf.cglib.core.KeyFactory$Generator.create(KeyFactory.java:144)
	at net.sf.cglib.core.KeyFactory.create(KeyFactory.java:116)
	at net.sf.cglib.core.KeyFactory.create(KeyFactory.java:108)
	at net.sf.cglib.core.KeyFactory.create(KeyFactory.java:104)
	at net.sf.cglib.proxy.Enhancer.<clinit>(Enhancer.java:69)
	at org.easymock.internal.ClassProxyFactory.createEnhancer(ClassProxyFactory.java:249)
	at org.easymock.internal.ClassProxyFactory.createProxy(ClassProxyFactory.java:159)
	at org.easymock.internal.MocksControl.createMock(MocksControl.java:59)
	at org.easymock.EasyMock.createMock(EasyMock.java:103)
	at org.cloudbus.cloudsim.VmTest.testGetCurrentRequestedMips(VmTest.java:170)
	at java.base/jdk.internal.reflect.DirectMethodHandleAccessor.invoke(DirectMethodHandleAccessor.java:104)
	at java.base/java.lang.reflect.Method.invoke(Method.java:578)
	at org.junit.runners.model.FrameworkMethod$1.runReflectiveCall(FrameworkMethod.java:59)
	at org.junit.internal.runners.model.ReflectiveCallable.run(ReflectiveCallable.java:12)
	at org.junit.runners.model.FrameworkMethod.invokeExplosively(FrameworkMethod.java:56)
	at org.junit.internal.runners.statements.InvokeMethod.evaluate(InvokeMethod.java:17)
	at org.junit.internal.runners.statements.RunBefores.evaluate(RunBefores.java:26)
	at org.junit.runners.ParentRunner$3.evaluate(ParentRunner.java:306)
	at org.junit.runners.BlockJUnit4ClassRunner$1.evaluate(BlockJUnit4ClassRunner.java:100)
	at org.junit.runners.ParentRunner.runLeaf(ParentRunner.java:366)
	at org.junit.runners.BlockJUnit4ClassRunner.runChild(BlockJUnit4ClassRunner.java:103)
	at org.junit.runners.BlockJUnit4ClassRunner.runChild(BlockJUnit4ClassRunner.java:63)
	at org.junit.runners.ParentRunner$4.run(ParentRunner.java:331)
	at org.junit.runners.ParentRunner$1.schedule(ParentRunner.java:79)
	at org.junit.runners.ParentRunner.runChildren(ParentRunner.java:329)
	at org.junit.runners.ParentRunner.access$100(ParentRunner.java:66)
	at org.junit.runners.ParentRunner$2.evaluate(ParentRunner.java:293)
	at org.junit.runners.ParentRunner$3.evaluate(ParentRunner.java:306)
	at org.junit.runners.ParentRunner.run(ParentRunner.java:413)
	at org.apache.maven.surefire.junit4.JUnit4Provider.execute(JUnit4Provider.java:377)
	at org.apache.maven.surefire.junit4.JUnit4Provider.executeWithRerun(JUnit4Provider.java:284)
	at org.apache.maven.surefire.junit4.JUnit4Provider.executeTestSet(JUnit4Provider.java:248)
	at org.apache.maven.surefire.junit4.JUnit4Provider.invoke(JUnit4Provider.java:167)
	at org.apache.maven.surefire.booter.ForkedBooter.runSuitesInProcess(ForkedBooter.java:456)
	at org.apache.maven.surefire.booter.ForkedBooter.execute(ForkedBooter.java:169)
	at org.apache.maven.surefire.booter.ForkedBooter.run(ForkedBooter.java:595)
	at org.apache.maven.surefire.booter.ForkedBooter.main(ForkedBooter.java:581)
Caused by: java.lang.reflect.InaccessibleObjectException: Unable to make protected final java.lang.Class java.lang.ClassLoader.defineClass(java.lang.String,byte[],int,int,java.security.ProtectionDomain) throws java.lang.ClassFormatError accessible: module java.base does not "opens java.lang" to unnamed module @5db54e92
	at java.base/java.lang.reflect.AccessibleObject.throwInaccessibleObjectException(AccessibleObject.java:387)
	at java.base/java.lang.reflect.AccessibleObject.checkCanSetAccessible(AccessibleObject.java:363)
	at java.base/java.lang.reflect.AccessibleObject.checkCanSetAccessible(AccessibleObject.java:311)
	at java.base/java.lang.reflect.Method.checkCanSetAccessible(Method.java:201)
	at java.base/java.lang.reflect.Method.setAccessible(Method.java:195)
	at net.sf.cglib.core.ReflectUtils$2.run(ReflectUtils.java:56)
	at java.base/java.security.AccessController.doPrivileged(AccessController.java:318)
	at net.sf.cglib.core.ReflectUtils.<clinit>(ReflectUtils.java:46)
	... 40 more
]]></error>
  </testcase>
  <testcase name="testGetCurrentRequestedTotalMips" classname="org.cloudbus.cloudsim.VmTest" time="0">
    <error message="Could not initialize class org.easymock.internal.ClassProxyFactory$2" type="java.lang.NoClassDefFoundError"><![CDATA[java.lang.NoClassDefFoundError: Could not initialize class org.easymock.internal.ClassProxyFactory$2
	at org.easymock.internal.ClassProxyFactory.createEnhancer(ClassProxyFactory.java:249)
	at org.easymock.internal.ClassProxyFactory.createProxy(ClassProxyFactory.java:159)
	at org.easymock.internal.MocksControl.createMock(MocksControl.java:59)
	at org.easymock.EasyMock.createMock(EasyMock.java:103)
	at org.cloudbus.cloudsim.VmTest.testGetCurrentRequestedTotalMips(VmTest.java:189)
	at java.base/jdk.internal.reflect.DirectMethodHandleAccessor.invoke(DirectMethodHandleAccessor.java:104)
	at java.base/java.lang.reflect.Method.invoke(Method.java:578)
	at org.junit.runners.model.FrameworkMethod$1.runReflectiveCall(FrameworkMethod.java:59)
	at org.junit.internal.runners.model.ReflectiveCallable.run(ReflectiveCallable.java:12)
	at org.junit.runners.model.FrameworkMethod.invokeExplosively(FrameworkMethod.java:56)
	at org.junit.internal.runners.statements.InvokeMethod.evaluate(InvokeMethod.java:17)
	at org.junit.internal.runners.statements.RunBefores.evaluate(RunBefores.java:26)
	at org.junit.runners.ParentRunner$3.evaluate(ParentRunner.java:306)
	at org.junit.runners.BlockJUnit4ClassRunner$1.evaluate(BlockJUnit4ClassRunner.java:100)
	at org.junit.runners.ParentRunner.runLeaf(ParentRunner.java:366)
	at org.junit.runners.BlockJUnit4ClassRunner.runChild(BlockJUnit4ClassRunner.java:103)
	at org.junit.runners.BlockJUnit4ClassRunner.runChild(BlockJUnit4ClassRunner.java:63)
	at org.junit.runners.ParentRunner$4.run(ParentRunner.java:331)
	at org.junit.runners.ParentRunner$1.schedule(ParentRunner.java:79)
	at org.junit.runners.ParentRunner.runChildren(ParentRunner.java:329)
	at org.junit.runners.ParentRunner.access$100(ParentRunner.java:66)
	at org.junit.runners.ParentRunner$2.evaluate(ParentRunner.java:293)
	at org.junit.runners.ParentRunner$3.evaluate(ParentRunner.java:306)
	at org.junit.runners.ParentRunner.run(ParentRunner.java:413)
	at org.apache.maven.surefire.junit4.JUnit4Provider.execute(JUnit4Provider.java:377)
	at org.apache.maven.surefire.junit4.JUnit4Provider.executeWithRerun(JUnit4Provider.java:284)
	at org.apache.maven.surefire.junit4.JUnit4Provider.executeTestSet(JUnit4Provider.java:248)
	at org.apache.maven.surefire.junit4.JUnit4Provider.invoke(JUnit4Provider.java:167)
	at org.apache.maven.surefire.booter.ForkedBooter.runSuitesInProcess(ForkedBooter.java:456)
	at org.apache.maven.surefire.booter.ForkedBooter.execute(ForkedBooter.java:169)
	at org.apache.maven.surefire.booter.ForkedBooter.run(ForkedBooter.java:595)
	at org.apache.maven.surefire.booter.ForkedBooter.main(ForkedBooter.java:581)
Caused by: java.lang.ExceptionInInitializerError: Exception java.lang.ExceptionInInitializerError [in thread "main"]
	at net.sf.cglib.core.KeyFactory$Generator.generateClass(KeyFactory.java:166)
	at net.sf.cglib.core.DefaultGeneratorStrategy.generate(DefaultGeneratorStrategy.java:25)
	at net.sf.cglib.core.AbstractClassGenerator.create(AbstractClassGenerator.java:216)
	at net.sf.cglib.core.KeyFactory$Generator.create(KeyFactory.java:144)
	at net.sf.cglib.core.KeyFactory.create(KeyFactory.java:116)
	at net.sf.cglib.core.KeyFactory.create(KeyFactory.java:108)
	at net.sf.cglib.core.KeyFactory.create(KeyFactory.java:104)
	at net.sf.cglib.proxy.Enhancer.<clinit>(Enhancer.java:69)
	at org.easymock.internal.ClassProxyFactory.createEnhancer(ClassProxyFactory.java:249)
	at org.easymock.internal.ClassProxyFactory.createProxy(ClassProxyFactory.java:159)
	at org.easymock.internal.MocksControl.createMock(MocksControl.java:59)
	at org.easymock.EasyMock.createMock(EasyMock.java:103)
	at org.cloudbus.cloudsim.VmTest.testGetCurrentRequestedMips(VmTest.java:170)
	... 27 more
]]></error>
  </testcase>
  <testcase name="testGetRam" classname="org.cloudbus.cloudsim.VmTest" time="0"/>
  <testcase name="testGetUid" classname="org.cloudbus.cloudsim.VmTest" time="0"/>
  <testcase name="testGetVmm" classname="org.cloudbus.cloudsim.VmTest" time="0"/>
  <testcase name="testSetMips" classname="org.cloudbus.cloudsim.VmTest" time="0"/>
  <testcase name="testIsInMigration" classname="org.cloudbus.cloudsim.VmTest" time="0.001"/>
</testsuite>